<?xml version="1.0" encoding="UTF-8"?>
<Site BuildName="(empty)"
	BuildStamp="20231126-1541-Experimental"
	Name="(empty)"
	Generator="ctest-3.28.0-rc2"
	CompilerName=""
	CompilerVersion=""
	OSName="Windows"
	Hostname="DESKTOP-96T5DV7"
	OSRelease=" Professional"
	OSVersion=" (Build 22621)"
	OSPlatform="AMD64"
	Is64Bits="1"
	VendorString="GenuineIntel"
	VendorID="Intel Corporation"
	FamilyID="6"
	ModelID="14"
	ProcessorCacheSize="-1"
	NumberOfLogicalCPU="12"
	NumberOfPhysicalCPU="6"
	TotalVirtualMemory="25412"
	TotalPhysicalMemory="16196"
	LogicalProcessorsPerPhysical="2"
	ProcessorClockFrequency="2593"
	>
	<Testing>
		<StartDateTime>Nov 26 17:50 Egypt Standard Time</StartDateTime>
		<StartTestTime>1701013806</StartTestTime>
		<TestList/>
		<EndDateTime>Nov 26 17:50 Egypt Standard Time</EndDateTime>
		<EndTestTime>1701013806</EndTestTime>
		<ElapsedMinutes>0</ElapsedMinutes>
	</Testing>
</Site>
